<?xml version="1.0" encoding="UTF-8"?>
<!-- Generated by org.testng.reporters.JUnitXMLReporter -->
<testsuite ignored="3" hostname="RAJRATNAA" failures="1" tests="1" name="Default test(failed)(failed)" time="0.055" errors="0" timestamp="2022-12-22T17:20:44 IST">
  <testcase classname="com.DailyPractice.Keywords" name="SignInPage" time="0.013">
    <failure type="java.lang.AssertionError" message="null">
      <![CDATA[java.lang.AssertionError: null
at com.DailyPractice.Keywords.SignInPage(Keywords.java:23)
at java.base/java.util.ArrayList.forEach(ArrayList.java:1511)
... Removed 27 stack frames]]>
    </failure>
  </testcase> <!-- SignInPage -->
  <testcase classname="com.DailyPractice.Keywords" name="LoginPage" time="0.0">
    <ignored/>
  </testcase> <!-- LoginPage -->
  <testcase classname="com.DailyPractice.Keywords" name="Message" time="0.0">
    <ignored/>
  </testcase> <!-- Message -->
  <testcase classname="com.DailyPractice.Keywords" name="HomePage" time="0.0">
    <ignored/>
  </testcase> <!-- HomePage -->
</testsuite> <!-- Default test(failed)(failed) -->
