<?xml version="1.0" encoding="UTF-8"?>
<!-- Generated by org.testng.reporters.JUnitXMLReporter -->
<testsuite ignored="1" hostname="RAJRATNAA" failures="0" tests="2" name="Test" time="0.043" errors="0" timestamp="2022-12-22T17:41:41 IST">
  <testcase classname="com.DailyPractice.Annotations" name="HomePage" time="0.006"/>
  <testcase classname="com.DailyPractice.Annotations" name="LoginPage" time="0.002"/>
  <testcase classname="com.DailyPractice.Annotations" name="SignInPage" time="0.0">
    <ignored/>
  </testcase> <!-- SignInPage -->
</testsuite> <!-- Test -->
