<?xml version="1.0" encoding="UTF-8"?>
<testng-results ignored="0" total="5" passed="4" failed="1" skipped="0">
  <reporter-output>
  </reporter-output>
  <suite started-at="2022-12-22T18:41:43 IST" name="Default suite" finished-at="2022-12-22T18:41:44 IST" duration-ms="697">
    <groups>
    </groups>
    <test started-at="2022-12-22T18:41:43 IST" name="Default test" finished-at="2022-12-22T18:41:44 IST" duration-ms="697">
      <class name="com.DailyPractice.AssertMethods">
        <test-method signature="OpenBrowser()[pri:-1, instance:com.DailyPractice.AssertMethods@353d0772]" started-at="2022-12-22T18:41:43 IST" name="OpenBrowser" finished-at="2022-12-22T18:41:44 IST" duration-ms="623" status="FAIL">
          <exception class="java.lang.NullPointerException">
            <message>
              <![CDATA[Cannot invoke "org.openqa.selenium.WebDriver.get(String)" because "this.driver" is null]]>
            </message>
            <full-stacktrace>
              <![CDATA[java.lang.NullPointerException: Cannot invoke "org.openqa.selenium.WebDriver.get(String)" because "this.driver" is null
at com.DailyPractice.AssertMethods.OpenBrowser(AssertMethods.java:17)
at java.base/jdk.internal.reflect.DirectMethodHandleAccessor.invoke(DirectMethodHandleAccessor.java:104)
at java.base/java.lang.reflect.Method.invoke(Method.java:578)
at org.testng.internal.MethodInvocationHelper.invokeMethod(MethodInvocationHelper.java:133)
at org.testng.internal.TestInvoker.invokeMethod(TestInvoker.java:598)
at org.testng.internal.TestInvoker.invokeTestMethod(TestInvoker.java:173)
at org.testng.internal.MethodRunner.runInSequence(MethodRunner.java:46)
at org.testng.internal.TestInvoker$MethodInvocationAgent.invoke(TestInvoker.java:824)
at org.testng.internal.TestInvoker.invokeTestMethods(TestInvoker.java:146)
at org.testng.internal.TestMethodWorker.invokeTestMethods(TestMethodWorker.java:146)
at org.testng.internal.TestMethodWorker.run(TestMethodWorker.java:128)
at java.base/java.util.ArrayList.forEach(ArrayList.java:1511)
at org.testng.TestRunner.privateRun(TestRunner.java:794)
at org.testng.TestRunner.run(TestRunner.java:596)
at org.testng.SuiteRunner.runTest(SuiteRunner.java:377)
at org.testng.SuiteRunner.runSequentially(SuiteRunner.java:371)
at org.testng.SuiteRunner.privateRun(SuiteRunner.java:332)
at org.testng.SuiteRunner.run(SuiteRunner.java:276)
at org.testng.SuiteRunnerWorker.runSuite(SuiteRunnerWorker.java:53)
at org.testng.SuiteRunnerWorker.run(SuiteRunnerWorker.java:96)
at org.testng.TestNG.runSuitesSequentially(TestNG.java:1212)
at org.testng.TestNG.runSuitesLocally(TestNG.java:1134)
at org.testng.TestNG.runSuites(TestNG.java:1063)
at org.testng.TestNG.run(TestNG.java:1031)
at org.testng.remote.AbstractRemoteTestNG.run(AbstractRemoteTestNG.java:115)
at org.testng.remote.RemoteTestNG.initAndRun(RemoteTestNG.java:251)
at org.testng.remote.RemoteTestNG.main(RemoteTestNG.java:77)
]]>
            </full-stacktrace>
          </exception> <!-- java.lang.NullPointerException -->
          <reporter-output>
          </reporter-output>
        </test-method> <!-- OpenBrowser -->
        <test-method signature="CloseBrowser()[pri:0, instance:com.DailyPractice.AssertMethods@353d0772]" started-at="2022-12-22T18:41:44 IST" name="CloseBrowser" finished-at="2022-12-22T18:41:44 IST" duration-ms="2" status="PASS">
          <reporter-output>
          </reporter-output>
        </test-method> <!-- CloseBrowser -->
        <test-method signature="TestData()[pri:0, instance:com.DailyPractice.AssertMethods@353d0772]" started-at="2022-12-22T18:41:44 IST" name="TestData" finished-at="2022-12-22T18:41:44 IST" duration-ms="5" status="PASS">
          <reporter-output>
          </reporter-output>
        </test-method> <!-- TestData -->
        <test-method signature="TestTitle()[pri:0, instance:com.DailyPractice.AssertMethods@353d0772]" started-at="2022-12-22T18:41:44 IST" name="TestTitle" finished-at="2022-12-22T18:41:44 IST" duration-ms="2" status="PASS">
          <reporter-output>
          </reporter-output>
        </test-method> <!-- TestTitle -->
        <test-method signature="TestUrl()[pri:0, instance:com.DailyPractice.AssertMethods@353d0772]" started-at="2022-12-22T18:41:44 IST" name="TestUrl" finished-at="2022-12-22T18:41:44 IST" duration-ms="1" status="PASS">
          <reporter-output>
          </reporter-output>
        </test-method> <!-- TestUrl -->
      </class> <!-- com.DailyPractice.AssertMethods -->
    </test> <!-- Default test -->
  </suite> <!-- Default suite -->
</testng-results>
